#-----------------------------------------------------------
# Vivado v2018.3 (64-bit)
# SW Build 2405991 on Thu Dec  6 23:38:27 MST 2018
# IP Build 2404404 on Fri Dec  7 01:43:56 MST 2018
# Start of session at: Mon Dec  7 14:43:37 2020
# Process ID: 10760
# Current directory: D:/ProgramSave/minisys-1a-cpu
# Command line: vivado.exe -gui_launcher_event rodinguilauncherevent12300 D:\ProgramSave\minisys-1a-cpu\minisys-1a-cpu.xpr
# Log file: D:/ProgramSave/minisys-1a-cpu/vivado.log
# Journal file: D:/ProgramSave/minisys-1a-cpu\vivado.jou
#-----------------------------------------------------------
start_gui
open_project D:/ProgramSave/minisys-1a-cpu/minisys-1a-cpu.xpr
INFO: [Project 1-313] Project file moved from 'F:/minisys-1a-cpu' since last save.
CRITICAL WARNING: [Project 1-311] Could not find the file 'D:/ProgramSave/minisys-1a-cpu/minisys-1a-cpu.srcs/sources_1/mem_coe/imem_tb.coe', nor could it be found using path 'F:/minisys-1a-cpu/minisys-1a-cpu.srcs/sources_1/mem_coe/imem_tb.coe'.
CRITICAL WARNING: [Project 1-311] Could not find the file 'D:/ProgramSave/minisys-1a-cpu/minisys-1a-cpu.srcs/sim_1/zx/host_tb.v', nor could it be found using path 'F:/minisys-1a-cpu/minisys-1a-cpu.srcs/sim_1/zx/host_tb.v'.
CRITICAL WARNING: [Project 1-311] Could not find the file 'D:/ProgramSave/minisys-1a-cpu/minisys-1a-cpu.srcs/sim_1/zx/host_tb_behav.wcfg', nor could it be found using path 'F:/minisys-1a-cpu/minisys-1a-cpu.srcs/sim_1/zx/host_tb_behav.wcfg'.
Scanning sources...
Finished scanning sources
WARNING: [Project 1-509] GeneratedRun file for 'synth_1' not found
WARNING: [Project 1-509] GeneratedRun file for 'blk_mem_gen_0_synth_1' not found
WARNING: [Project 1-509] GeneratedRun file for 'div_gen_0_synth_1' not found
WARNING: [Project 1-509] GeneratedRun file for 'uart_bmpg_0_synth_1' not found
WARNING: [Project 1-509] GeneratedRun file for 'dmem_ram_synth_1' not found
WARNING: [filemgmt 56-2] IP Repository Path: Could not find the directory 'D:/ProgramSave/keshe/orgnizationtrain3.0/orgnizationtrain/minisys/IP', nor could it be found using path 'F:/keshe/orgnizationtrain3.0/orgnizationtrain/minisys/IP'.
WARNING: [filemgmt 56-2] IPUserFilesDir: Could not find the directory 'D:/ProgramSave/minisys-1a-cpu/minisys-1a-cpu.ip_user_files', nor could it be found using path 'F:/minisys-1a-cpu/minisys-1a-cpu.ip_user_files'.
INFO: [IP_Flow 19-234] Refreshing IP repositories
WARNING: [IP_Flow 19-2248] Failed to load user IP repository 'd:/ProgramSave/keshe/orgnizationtrain3.0/orgnizationtrain/minisys/IP'; Can't find the specified path.
If this directory should no longer be in your list of user repositories, go to the IP Settings dialog and remove it.
INFO: [IP_Flow 19-2313] Loaded Vivado IP repository 'D:/ProgramTool/Xilinx/Vivado/2018.3/data/ip'.
WARNING: [IP_Flow 19-2162] IP 'uart_bmpg_0' is locked:
* IP definition 'uart_bmpg (1.3)' for IP 'uart_bmpg_0' (customized with software release 2018.3) was not found in the IP Catalog.
Please select 'Report IP Status' from the 'Tools/Report' menu or run Tcl command 'report_ip_status' for more information.
open_project: Time (s): cpu = 00:00:16 ; elapsed = 00:00:10 . Memory (MB): peak = 837.168 ; gain = 225.453
add_files -norecurse {D:/ProgramSave/minisys-1a-cpu/minisys-1a-cpu.srcs/sources_1/zx/hilo.v D:/ProgramSave/minisys-1a-cpu/minisys-1a-cpu.srcs/sources_1/zx/gpr.v D:/ProgramSave/minisys-1a-cpu/minisys-1a-cpu.srcs/sources_1/zx/mem.v}
add_files -norecurse D:/ProgramSave/minisys-1a-cpu/minisys-1a-cpu.srcs/sources_1/zx/alu.v
exit
INFO: [Common 17-206] Exiting Vivado at Mon Dec  7 20:16:08 2020...
