#-----------------------------------------------------------
# Vivado v2018.3 (64-bit)
# SW Build 2405991 on Thu Dec  6 23:38:27 MST 2018
# IP Build 2404404 on Fri Dec  7 01:43:56 MST 2018
# Start of session at: Thu Oct 15 15:41:48 2020
# Process ID: 21852
# Current directory: D:/minisys-1a-cpu
# Command line: vivado.exe -gui_launcher_event rodinguilauncherevent17532 D:\minisys-1a-cpu\minisys-1a-cpu.xpr
# Log file: D:/minisys-1a-cpu/vivado.log
# Journal file: D:/minisys-1a-cpu\vivado.jou
#-----------------------------------------------------------
start_gui
open_project D:/minisys-1a-cpu/minisys-1a-cpu.xpr
Scanning sources...
Finished scanning sources
INFO: [IP_Flow 19-234] Refreshing IP repositories
INFO: [IP_Flow 19-1704] No user IP repositories specified
INFO: [IP_Flow 19-2313] Loaded Vivado IP repository 'D:/XILINX/Vivado/2018.3/data/ip'.
open_project: Time (s): cpu = 00:00:19 ; elapsed = 00:00:16 . Memory (MB): peak = 789.180 ; gain = 164.117
update_compile_order -fileset sources_1
exit
INFO: [Common 17-206] Exiting Vivado at Thu Oct 15 16:25:18 2020...
