#-----------------------------------------------------------
# Vivado v2018.3 (64-bit)
# SW Build 2405991 on Thu Dec  6 23:38:27 MST 2018
# IP Build 2404404 on Fri Dec  7 01:43:56 MST 2018
# Start of session at: Mon Dec 21 15:21:23 2020
# Process ID: 16880
# Current directory: D:/ProgramSave/minisys-1a-cpu
# Command line: vivado.exe -gui_launcher_event rodinguilauncherevent16332 D:\ProgramSave\minisys-1a-cpu\minisys-1a-cpu.xpr
# Log file: D:/ProgramSave/minisys-1a-cpu/vivado.log
# Journal file: D:/ProgramSave/minisys-1a-cpu\vivado.jou
#-----------------------------------------------------------
start_gui
open_project D:/ProgramSave/minisys-1a-cpu/minisys-1a-cpu.xpr
CRITICAL WARNING: [Project 1-19] Could not find the file 'D:/ProgramSave/minisys-1a-cpu/minisys-1a-cpu.srcs/sources_1/mem_coe/imem_tb.coe'.
CRITICAL WARNING: [Project 1-19] Could not find the file 'D:/ProgramSave/minisys-1a-cpu/minisys-1a-cpu.srcs/sim_1/zx/host_tb_behav.wcfg'.
Scanning sources...
Finished scanning sources
WARNING: [filemgmt 56-3] IP Repository Path: Could not find the directory 'D:/ProgramSave/keshe/orgnizationtrain3.0/orgnizationtrain/minisys/IP'.
INFO: [IP_Flow 19-234] Refreshing IP repositories
WARNING: [IP_Flow 19-2248] Failed to load user IP repository 'd:/ProgramSave/keshe/orgnizationtrain3.0/orgnizationtrain/minisys/IP'; Can't find the specified path.
If this directory should no longer be in your list of user repositories, go to the IP Settings dialog and remove it.
INFO: [IP_Flow 19-2313] Loaded Vivado IP repository 'D:/ProgramTool/Xilinx/Vivado/2018.3/data/ip'.
WARNING: [IP_Flow 19-2162] IP 'uart_bmpg_0' is locked:
* IP definition 'uart_bmpg (1.3)' for IP 'uart_bmpg_0' (customized with software release 2018.3) was not found in the IP Catalog.
Please select 'Report IP Status' from the 'Tools/Report' menu or run Tcl command 'report_ip_status' for more information.
exit
INFO: [Common 17-206] Exiting Vivado at Mon Dec 21 15:22:31 2020...
